<?xml version="1.0" encoding="UTF-8"?>
<testsuite xmlns:xsi="http://www.w3.org/2001/XMLSchema-instance" xsi:noNamespaceSchemaLocation="https://maven.apache.org/surefire/maven-surefire-plugin/xsd/surefire-test-report-3.0.xsd" version="3.0" name="com.udacity.jdnd.course3.critter.CritterFunctionalTest" time="8.078" tests="9" errors="0" skipped="0" failures="1">
  <properties>
[...]
</properties>
  <testcase name="testFindOwnerByPet" classname="com.udacity.jdnd.course3.critter.CritterFunctionalTest" time="1.271">
    <system-out><![CDATA[
  .   ____          _            __ _ _
 /\\ / ___'_ __ _ _(_)_ __  __ _ \ \ \ \
( ( )\___ | '_ | '_| | '_ \/ _` | \ \ \ \
 \\/  ___)| |_)| | | | | || (_| |  ) ) ) )
  '  |____| .__|_| |_|_| |_\__, | / / / /
 =========|_|==============|___/=/_/_/_/

 :: Spring Boot ::                (v3.3.5)

2026-05-25T13:36:55.477+05:30  INFO 11280 --- [           main] c.u.j.c.critter.CritterFunctionalTest    : Starting CritterFunctionalTest using Java 17.0.12 with PID 11280 (started by chand in C:\Users\chand\Downloads\nd035-c3-data-stores-and-persistence-project-starter-master\nd035-c3-data-stores-and-persistence-project-starter-master\starter\critter)
2026-05-25T13:36:55.480+05:30  INFO 11280 --- [           main] c.u.j.c.critter.CritterFunctionalTest    : No active profile set, falling back to 1 default profile: "default"
2026-05-25T13:36:56.414+05:30  INFO 11280 --- [           main] .s.d.r.c.RepositoryConfigurationDelegate : Bootstrapping Spring Data JPA repositories in DEFAULT mode.
2026-05-25T13:36:56.509+05:30  INFO 11280 --- [           main] .s.d.r.c.RepositoryConfigurationDelegate : Finished Spring Data repository scanning in 84 ms. Found 4 JPA repository interfaces.
2026-05-25T13:36:57.062+05:30  INFO 11280 --- [           main] o.hibernate.jpa.internal.util.LogHelper  : HHH000204: Processing PersistenceUnitInfo [name: default]
2026-05-25T13:36:57.183+05:30  INFO 11280 --- [           main] org.hibernate.Version                    : HHH000412: Hibernate ORM core version 6.5.3.Final
2026-05-25T13:36:57.245+05:30  INFO 11280 --- [           main] o.h.c.internal.RegionFactoryInitiator    : HHH000026: Second-level cache disabled
2026-05-25T13:36:57.657+05:30  INFO 11280 --- [           main] o.s.o.j.p.SpringPersistenceUnitInfo      : No LoadTimeWeaver setup: ignoring JPA class transformer
2026-05-25T13:36:57.703+05:30  INFO 11280 --- [           main] com.zaxxer.hikari.HikariDataSource       : HikariPool-1 - Starting...
2026-05-25T13:36:57.928+05:30  INFO 11280 --- [           main] com.zaxxer.hikari.pool.HikariPool        : HikariPool-1 - Added connection conn0: url=jdbc:h2:mem:critter user=SA
2026-05-25T13:36:57.929+05:30  INFO 11280 --- [           main] com.zaxxer.hikari.HikariDataSource       : HikariPool-1 - Start completed.
2026-05-25T13:36:57.981+05:30  WARN 11280 --- [           main] org.hibernate.orm.deprecation            : HHH90000025: H2Dialect does not need to be specified explicitly using 'hibernate.dialect' (remove the property setting and it will be selected by default)
2026-05-25T13:36:58.916+05:30  INFO 11280 --- [           main] o.h.e.t.j.p.i.JtaPlatformInitiator       : HHH000489: No JTA platform available (set 'hibernate.transaction.jta.platform' to enable JTA platform integration)
Hibernate: drop table if exists customer cascade 
Hibernate: drop table if exists employee cascade 
Hibernate: drop table if exists employee_days_available cascade 
Hibernate: drop table if exists employee_skills cascade 
Hibernate: drop table if exists pet cascade 
Hibernate: drop table if exists schedule cascade 
Hibernate: drop table if exists schedule_activities cascade 
Hibernate: drop table if exists schedule_employee cascade 
Hibernate: drop table if exists schedule_pet cascade 
Hibernate: create table customer (id bigint generated by default as identity, name varchar(255), notes varchar(255), phone_number varchar(255), primary key (id))
Hibernate: create table employee (id bigint generated by default as identity, name varchar(255), primary key (id))
Hibernate: create table employee_days_available (employee_id bigint not null, days_available enum ('FRIDAY','MONDAY','SATURDAY','SUNDAY','THURSDAY','TUESDAY','WEDNESDAY'))
Hibernate: create table employee_skills (employee_id bigint not null, skills enum ('FEEDING','MEDICATING','PETTING','SHAVING','WALKING'))
Hibernate: create table pet (birth_date date, id bigint generated by default as identity, owner_id bigint, name varchar(255), notes varchar(255), type enum ('BIRD','CAT','DOG','FISH','LIZARD','OTHER','SNAKE'), primary key (id))
Hibernate: create table schedule (date date, id bigint generated by default as identity, primary key (id))
Hibernate: create table schedule_activities (schedule_id bigint not null, activities enum ('FEEDING','MEDICATING','PETTING','SHAVING','WALKING'))
Hibernate: create table schedule_employee (employee_id bigint not null, schedule_id bigint not null)
Hibernate: create table schedule_pet (pet_id bigint not null, schedule_id bigint not null)
Hibernate: alter table if exists employee_days_available add constraint FK7ra3ha8r7rcikm5k4ow91hluk foreign key (employee_id) references employee
Hibernate: alter table if exists employee_skills add constraint FKnepe51hewn4dd673e3qk1v2qx foreign key (employee_id) references employee
Hibernate: alter table if exists pet add constraint FKhbmn1uwpq9uaykos0m690wvn3 foreign key (owner_id) references customer
Hibernate: alter table if exists schedule_activities add constraint FKp4gtwmuodj21fo9kjww5ql477 foreign key (schedule_id) references schedule
Hibernate: alter table if exists schedule_employee add constraint FKjtcgvfdq605kdn6m7a41cggtg foreign key (employee_id) references employee
Hibernate: alter table if exists schedule_employee add constraint FKph1rlkusvosc5jx4qduxeyldn foreign key (schedule_id) references schedule
Hibernate: alter table if exists schedule_pet add constraint FKollomwxdacrhw8nrnvcf6d9mj foreign key (pet_id) references pet
Hibernate: alter table if exists schedule_pet add constraint FKol27lvj9v1f41nue1y6g8ivdo foreign key (schedule_id) references schedule
2026-05-25T13:36:58.986+05:30  INFO 11280 --- [           main] j.LocalContainerEntityManagerFactoryBean : Initialized JPA EntityManagerFactory for persistence unit 'default'
2026-05-25T13:37:00.289+05:30  WARN 11280 --- [           main] JpaBaseConfiguration$JpaWebConfiguration : spring.jpa.open-in-view is enabled by default. Therefore, database queries may be performed during view rendering. Explicitly configure spring.jpa.open-in-view to disable this warning
2026-05-25T13:37:01.131+05:30  INFO 11280 --- [           main] c.u.j.c.critter.CritterFunctionalTest    : Started CritterFunctionalTest in 5.972 seconds (process running for 7.108)
Hibernate: insert into customer (name,notes,phone_number,id) values (?,?,?,default)
Hibernate: insert into pet (birth_date,name,notes,owner_id,type,id) values (?,?,?,?,?,default)
Hibernate: select p1_0.id,p1_0.birth_date,p1_0.name,p1_0.notes,p1_0.owner_id,p1_0.type from pet p1_0 where p1_0.owner_id=? order by p1_0.id
]]></system-out>
  </testcase>
  <testcase name="testFindEmployeesByServiceAndTime" classname="com.udacity.jdnd.course3.critter.CritterFunctionalTest" time="0.05">
    <system-out><![CDATA[Hibernate: insert into employee (name,id) values (?,default)
Hibernate: insert into employee (name,id) values (?,default)
Hibernate: insert into employee (name,id) values (?,default)
Hibernate: select e1_0.id,e1_0.name from employee e1_0
Hibernate: select e1_0.id,e1_0.name from employee e1_0
]]></system-out>
  </testcase>
  <testcase name="testAddPetsToCustomer" classname="com.udacity.jdnd.course3.critter.CritterFunctionalTest" time="0.019">
    <system-out><![CDATA[Hibernate: insert into customer (name,notes,phone_number,id) values (?,?,?,default)
Hibernate: insert into pet (birth_date,name,notes,owner_id,type,id) values (?,?,?,?,?,default)
Hibernate: select p1_0.id,p1_0.birth_date,p1_0.name,p1_0.notes,p1_0.owner_id,p1_0.type from pet p1_0 where p1_0.owner_id=? order by p1_0.id
Hibernate: select c1_0.id,c1_0.name,c1_0.notes,c1_0.phone_number from customer c1_0
Hibernate: select p1_0.id,p1_0.birth_date,p1_0.name,p1_0.notes,p1_0.owner_id,p1_0.type from pet p1_0 where p1_0.owner_id=? order by p1_0.id
]]></system-out>
  </testcase>
  <testcase name="testCreateCustomer" classname="com.udacity.jdnd.course3.critter.CritterFunctionalTest" time="0.013">
    <system-out><![CDATA[Hibernate: insert into customer (name,notes,phone_number,id) values (?,?,?,default)
Hibernate: select c1_0.id,c1_0.name,c1_0.notes,c1_0.phone_number from customer c1_0
Hibernate: select p1_0.id,p1_0.birth_date,p1_0.name,p1_0.notes,p1_0.owner_id,p1_0.type from pet p1_0 where p1_0.owner_id=? order by p1_0.id
]]></system-out>
  </testcase>
  <testcase name="testSchedulePetsForServiceWithEmployee" classname="com.udacity.jdnd.course3.critter.CritterFunctionalTest" time="0.04">
    <system-out><![CDATA[Hibernate: insert into employee (name,id) values (?,default)
Hibernate: insert into customer (name,notes,phone_number,id) values (?,?,?,default)
Hibernate: insert into pet (birth_date,name,notes,owner_id,type,id) values (?,?,?,?,?,default)
Hibernate: select e1_0.id,e1_0.name from employee e1_0 where e1_0.id in (?)
Hibernate: select p1_0.id,p1_0.birth_date,p1_0.name,p1_0.notes,p1_0.owner_id,p1_0.type from pet p1_0 where p1_0.id in (?)
Hibernate: insert into schedule (date,id) values (?,default)
Hibernate: select s1_0.id,s1_0.date from schedule s1_0
]]></system-out>
  </testcase>
  <testcase name="testFindPetsByOwner" classname="com.udacity.jdnd.course3.critter.CritterFunctionalTest" time="0.022">
    <failure message="expected: &lt;4&gt; but was: &lt;5&gt;" type="org.opentest4j.AssertionFailedError"><![CDATA[org.opentest4j.AssertionFailedError: expected: <4> but was: <5>
	at org.junit.jupiter.api.AssertionFailureBuilder.build(AssertionFailureBuilder.java:151)
	at org.junit.jupiter.api.AssertionFailureBuilder.buildAndThrow(AssertionFailureBuilder.java:132)
	at org.junit.jupiter.api.AssertEquals.failNotEqual(AssertEquals.java:197)
	at org.junit.jupiter.api.AssertEquals.assertEquals(AssertEquals.java:166)
	at org.junit.jupiter.api.AssertEquals.assertEquals(AssertEquals.java:161)
	at org.junit.jupiter.api.Assertions.assertEquals(Assertions.java:632)
	at com.udacity.jdnd.course3.critter.CritterFunctionalTest.testFindPetsByOwner(CritterFunctionalTest.java:105)
	at java.base/java.lang.reflect.Method.invoke(Method.java:568)
	at java.base/java.util.ArrayList.forEach(ArrayList.java:1511)
	at java.base/java.util.ArrayList.forEach(ArrayList.java:1511)
]]></failure>
    <system-out><![CDATA[Hibernate: insert into customer (name,notes,phone_number,id) values (?,?,?,default)
Hibernate: insert into pet (birth_date,name,notes,owner_id,type,id) values (?,?,?,?,?,default)
Hibernate: insert into pet (birth_date,name,notes,owner_id,type,id) values (?,?,?,?,?,default)
Hibernate: select p1_0.id,p1_0.birth_date,p1_0.name,p1_0.notes,p1_0.owner_id,p1_0.type from pet p1_0 where p1_0.owner_id=? order by p1_0.id
]]></system-out>
  </testcase>
  <testcase name="testCreateEmployee" classname="com.udacity.jdnd.course3.critter.CritterFunctionalTest" time="0.011">
    <system-out><![CDATA[Hibernate: insert into employee (name,id) values (?,default)
]]></system-out>
  </testcase>
  <testcase name="testChangeEmployeeAvailability" classname="com.udacity.jdnd.course3.critter.CritterFunctionalTest" time="0.016">
    <system-out><![CDATA[Hibernate: insert into employee (name,id) values (?,default)
]]></system-out>
  </testcase>
  <testcase name="testFindScheduleByEntities" classname="com.udacity.jdnd.course3.critter.CritterFunctionalTest" time="0.139">
    <system-out><![CDATA[Hibernate: insert into employee (name,id) values (?,default)
Hibernate: insert into customer (name,notes,phone_number,id) values (?,?,?,default)
Hibernate: insert into pet (birth_date,name,notes,owner_id,type,id) values (?,?,?,?,?,default)
Hibernate: insert into pet (birth_date,name,notes,owner_id,type,id) values (?,?,?,?,?,default)
Hibernate: select e1_0.id,e1_0.name from employee e1_0 where e1_0.id in (?)
Hibernate: select p1_0.id,p1_0.birth_date,p1_0.name,p1_0.notes,p1_0.owner_id,p1_0.type from pet p1_0 where p1_0.id in (?,?)
Hibernate: insert into schedule (date,id) values (?,default)
Hibernate: insert into employee (name,id) values (?,default)
Hibernate: insert into employee (name,id) values (?,default)
Hibernate: insert into employee (name,id) values (?,default)
Hibernate: insert into customer (name,notes,phone_number,id) values (?,?,?,default)
Hibernate: insert into pet (birth_date,name,notes,owner_id,type,id) values (?,?,?,?,?,default)
Hibernate: select e1_0.id,e1_0.name from employee e1_0 where e1_0.id in (?,?,?)
Hibernate: select p1_0.id,p1_0.birth_date,p1_0.name,p1_0.notes,p1_0.owner_id,p1_0.type from pet p1_0 where p1_0.id in (?)
Hibernate: insert into schedule (date,id) values (?,default)
Hibernate: select e1_0.id,e1_0.name from employee e1_0 where e1_0.id in (?)
Hibernate: select p1_0.id,p1_0.birth_date,p1_0.name,p1_0.notes,p1_0.owner_id,p1_0.type from pet p1_0 where p1_0.id in (?)
Hibernate: insert into schedule (date,id) values (?,default)
Hibernate: insert into employee_days_available (employee_id,days_available) values (?,?)
Hibernate: insert into employee_skills (employee_id,skills) values (?,?)
Hibernate: insert into employee_skills (employee_id,skills) values (?,?)
Hibernate: insert into schedule_activities (schedule_id,activities) values (?,?)
Hibernate: insert into schedule_activities (schedule_id,activities) values (?,?)
Hibernate: insert into schedule_employee (schedule_id,employee_id) values (?,?)
Hibernate: insert into schedule_pet (schedule_id,pet_id) values (?,?)
Hibernate: insert into schedule_pet (schedule_id,pet_id) values (?,?)
Hibernate: insert into employee_days_available (employee_id,days_available) values (?,?)
Hibernate: insert into employee_skills (employee_id,skills) values (?,?)
Hibernate: insert into employee_days_available (employee_id,days_available) values (?,?)
Hibernate: insert into employee_skills (employee_id,skills) values (?,?)
Hibernate: insert into employee_days_available (employee_id,days_available) values (?,?)
Hibernate: insert into employee_skills (employee_id,skills) values (?,?)
Hibernate: insert into schedule_activities (schedule_id,activities) values (?,?)
Hibernate: insert into schedule_employee (schedule_id,employee_id) values (?,?)
Hibernate: insert into schedule_employee (schedule_id,employee_id) values (?,?)
Hibernate: insert into schedule_employee (schedule_id,employee_id) values (?,?)
Hibernate: insert into schedule_pet (schedule_id,pet_id) values (?,?)
Hibernate: insert into schedule_activities (schedule_id,activities) values (?,?)
Hibernate: insert into schedule_activities (schedule_id,activities) values (?,?)
Hibernate: insert into schedule_employee (schedule_id,employee_id) values (?,?)
Hibernate: insert into schedule_pet (schedule_id,pet_id) values (?,?)
Hibernate: select s1_0.id,s1_0.date from schedule s1_0 left join schedule_employee e1_0 on s1_0.id=e1_0.schedule_id where e1_0.employee_id=?
Hibernate: select s1_0.id,s1_0.date from schedule s1_0 left join schedule_employee e1_0 on s1_0.id=e1_0.schedule_id where e1_0.employee_id=?
Hibernate: select s1_0.id,s1_0.date from schedule s1_0 left join schedule_pet p1_0 on s1_0.id=p1_0.schedule_id where p1_0.pet_id=?
Hibernate: select s1_0.id,s1_0.date from schedule s1_0 left join schedule_pet p1_0 on s1_0.id=p1_0.schedule_id where p1_0.pet_id=?
Hibernate: select p1_0.id,p1_0.birth_date,p1_0.name,p1_0.notes,p1_0.owner_id,p1_0.type from pet p1_0 where p1_0.owner_id=? order by p1_0.id
Hibernate: select p1_0.id,p1_0.birth_date,p1_0.name,p1_0.notes,p1_0.owner_id,p1_0.type from pet p1_0
Hibernate: select s1_0.id,s1_0.date from schedule s1_0 left join schedule_pet p1_0 on s1_0.id=p1_0.schedule_id where p1_0.pet_id=?
Hibernate: select s1_0.id,s1_0.date from schedule s1_0 left join schedule_pet p1_0 on s1_0.id=p1_0.schedule_id where p1_0.pet_id=?
Hibernate: select p1_0.id,p1_0.birth_date,p1_0.name,p1_0.notes,p1_0.owner_id,p1_0.type from pet p1_0 where p1_0.owner_id=? order by p1_0.id
Hibernate: select p1_0.id,p1_0.birth_date,p1_0.name,p1_0.notes,p1_0.owner_id,p1_0.type from pet p1_0
Hibernate: select s1_0.id,s1_0.date from schedule s1_0 left join schedule_pet p1_0 on s1_0.id=p1_0.schedule_id where p1_0.pet_id=?
]]></system-out>
  </testcase>
</testsuite>